This is pdfTeX, Version 3.1415926-2.4-1.40.13 (TeX Live 2012/W32TeX) (format=pdflatex 2013.1.28)  28 JAN 2013 20:31
entering extended mode
 restricted \write18 enabled.
 %&-line parsing enabled.
**Translation.tex
(./Translation.tex
LaTeX2e <2011/06/27>
Babel <v3.8m> and hyphenation patterns for english, dumylang, nohyphenation, ge
rman-x-2012-05-30, ngerman-x-2012-05-30, afrikaans, ancientgreek, ibycus, arabi
c, armenian, basque, bulgarian, catalan, pinyin, coptic, croatian, czech, danis
h, dutch, ukenglish, usenglishmax, esperanto, estonian, ethiopic, farsi, finnis
h, french, friulan, galician, german, ngerman, swissgerman, monogreek, greek, h
ungarian, icelandic, assamese, bengali, gujarati, hindi, kannada, malayalam, ma
rathi, oriya, panjabi, tamil, telugu, indonesian, interlingua, irish, italian, 
kurmanji, latin, latvian, lithuanian, mongolian, mongolianlmc, bokmal, nynorsk,
 polish, portuguese, romanian, romansh, russian, sanskrit, serbian, serbianc, s
lovak, slovenian, spanish, swedish, turkish, turkmen, ukrainian, uppersorbian, 
welsh, loaded.
! Undefined control sequence.
l.7 \chapter
            *{Translation}
The control sequence at the end of the top line
of your error message was never \def'ed. If you have
misspelled it (e.g., `\hobx'), type `I' and the correct
spelling (e.g., `I\hbox'). Otherwise just continue,
and I'll forget about whatever was undefined.


! LaTeX Error: Missing \begin{document}.

See the LaTeX manual or LaTeX Companion for explanation.
Type  H <return>  for immediate help.
 ...                                              
                                                  
l.7 \chapter*
             {Translation}
You're in trouble here.  Try typing  <return>  to proceed.
If that doesn't work, type  X <return>  to quit.

Missing character: There is no * in font nullfont!
Missing character: There is no T in font nullfont!
Missing character: There is no r in font nullfont!
Missing character: There is no a in font nullfont!
Missing character: There is no n in font nullfont!
Missing character: There is no s in font nullfont!
Missing character: There is no l in font nullfont!
Missing character: There is no a in font nullfont!
Missing character: There is no t in font nullfont!
Missing character: There is no i in font nullfont!
Missing character: There is no o in font nullfont!
Missing character: There is no n in font nullfont!

Overfull \hbox (20.0pt too wide) in paragraph at lines 7--8
[] 
 []

! Undefined control sequence.
l.9 \chapter
            *{Introduction}
The control sequence at the end of the top line
of your error message was never \def'ed. If you have
misspelled it (e.g., `\hobx'), type `I' and the correct
spelling (e.g., `I\hbox'). Otherwise just continue,
and I'll forget about whatever was undefined.


! LaTeX Error: Missing \begin{document}.

See the LaTeX manual or LaTeX Companion for explanation.
Type  H <return>  for immediate help.
 ...                                              
                                                  
l.9 \chapter*
             {Introduction}
You're in trouble here.  Try typing  <return>  to proceed.
If that doesn't work, type  X <return>  to quit.

Missing character: There is no * in font nullfont!
Missing character: There is no I in font nullfont!
Missing character: There is no n in font nullfont!
Missing character: There is no t in font nullfont!
Missing character: There is no r in font nullfont!
Missing character: There is no o in font nullfont!
Missing character: There is no d in font nullfont!
Missing character: There is no u in font nullfont!
Missing character: There is no c in font nullfont!
Missing character: There is no t in font nullfont!
Missing character: There is no i in font nullfont!
Missing character: There is no o in font nullfont!
Missing character: There is no n in font nullfont!
(./Introduction.tex
Overfull \hbox (20.0pt too wide) in paragraph at lines 9--6
[] 
 []

! Undefined control sequence.
l.7 \chapter
            {Introduction}
The control sequence at the end of the top line
of your error message was never \def'ed. If you have
misspelled it (e.g., `\hobx'), type `I' and the correct
spelling (e.g., `I\hbox'). Otherwise just continue,
and I'll forget about whatever was undefined.


! LaTeX Error: Missing \begin{document}.

See the LaTeX manual or LaTeX Companion for explanation.
Type  H <return>  for immediate help.
 ...                                              
                                                  
l.7 \chapter{I
              ntroduction}
You're in trouble here.  Try typing  <return>  to proceed.
If that doesn't work, type  X <return>  to quit.

Missing character: There is no I in font nullfont!
Missing character: There is no n in font nullfont!
Missing character: There is no t in font nullfont!
Missing character: There is no r in font nullfont!
Missing character: There is no o in font nullfont!
Missing character: There is no d in font nullfont!
Missing character: There is no u in font nullfont!
Missing character: There is no c in font nullfont!
Missing character: There is no t in font nullfont!
Missing character: There is no i in font nullfont!
Missing character: There is no o in font nullfont!
Missing character: There is no n in font nullfont!
Missing character: There is no W in font nullfont!
Missing character: There is no e in font nullfont!
Missing character: There is no l in font nullfont!
Missing character: There is no c in font nullfont!
Missing character: There is no o in font nullfont!
Missing character: There is no m in font nullfont!
Missing character: There is no e in font nullfont!
Missing character: There is no ! in font nullfont!
LaTeX Font Info:    External font `cmex10' loaded for size
(Font)              <7> on input line 8.
LaTeX Font Info:    External font `cmex10' loaded for size
(Font)              <5> on input line 8.
! Undefined control sequence.
\@footnotetext ...tins {\reset@font \footnotesize 
                                                  \interlinepenalty \interfo...
l.8 ...g is „ÅØ„Åò„ÇÅ„Å´, which is quite informal}
                                                  
The control sequence at the end of the top line
of your error message was never \def'ed. If you have
misspelled it (e.g., `\hobx'), type `I' and the correct
spelling (e.g., `I\hbox'). Otherwise just continue,
and I'll forget about whatever was undefined.

! Undefined control sequence.
\@footnotetext ...}\color@begingroup \@makefntext 
                                                  {\rule \z@ \footnotesep \i...
l.8 ...g is „ÅØ„Åò„ÇÅ„Å´, which is quite informal}
                                                  
The control sequence at the end of the top line
of your error message was never \def'ed. If you have
misspelled it (e.g., `\hobx'), type `I' and the correct
spelling (e.g., `I\hbox'). Otherwise just continue,
and I'll forget about whatever was undefined.

Missing character: There is no „ in font cmr10!
Missing character: There is no Å in font cmr10!
Missing character: There is no Ø in font cmr10!
Missing character: There is no „ in font cmr10!
Missing character: There is no Å in font cmr10!
Missing character: There is no ò in font cmr10!
Missing character: There is no „ in font cmr10!
Missing character: There is no Ç in font cmr10!
Missing character: There is no Å in font cmr10!
Missing character: There is no „ in font cmr10!
Missing character: There is no Å in font cmr10!
Missing character: There is no ´ in font cmr10!

Overfull \hbox (22.50005pt too wide) in paragraph at lines 8--8
[][]\OT1/cmr/m/n/10 Ueda
 []


Overfull \hbox (26.19447pt too wide) in paragraph at lines 8--8
\OT1/cmr/m/n/10 writes
 []


Overfull \hbox (8.33336pt too wide) in paragraph at lines 8--8
\OT1/cmr/m/n/10 in
 []


Overfull \hbox (5.00002pt too wide) in paragraph at lines 8--8
\OT1/cmr/m/n/10 a
 []


Overfull \hbox (18.63893pt too wide) in paragraph at lines 8--8
\OT1/cmr/m/n/10 very
 []


Overfull \hbox (11.66669pt too wide) in paragraph at lines 8--8
\OT1/cmr/m/n/10 in-
 []


Overfull \hbox (15.30559pt too wide) in paragraph at lines 8--8
\OT1/cmr/m/n/10 for-
 []


Overfull \hbox (16.11116pt too wide) in paragraph at lines 8--8
\OT1/cmr/m/n/10 mal
 []


Overfull \hbox (22.22227pt too wide) in paragraph at lines 8--8
\OT1/cmr/m/n/10 man-
 []


Overfull \hbox (16.69447pt too wide) in paragraph at lines 8--8
\OT1/cmr/m/n/10 ner.
 []


Overfull \hbox (17.22224pt too wide) in paragraph at lines 8--8
\OT1/cmr/m/n/10 The
 []


Overfull \hbox (20.02782pt too wide) in paragraph at lines 8--8
\OT1/cmr/m/n/10 orig-
 []


Overfull \hbox (6.11111pt too wide) in paragraph at lines 8--8
\OT1/cmr/m/n/10 i-
 []


Overfull \hbox (13.33337pt too wide) in paragraph at lines 8--8
\OT1/cmr/m/n/10 nal
 []


Overfull \hbox (24.16672pt too wide) in paragraph at lines 8--8
\OT1/cmr/m/n/10 open-
 []


Overfull \hbox (13.33337pt too wide) in paragraph at lines 8--8
\OT1/cmr/m/n/10 ing
 []


Overfull \hbox (6.72223pt too wide) in paragraph at lines 8--8
\OT1/cmr/m/n/10 is
 []


Overfull \hbox (2.77779pt too wide) in paragraph at lines 8--8
\OT1/cmr/m/n/10 ,
 []


Overfull \hbox (25.27782pt too wide) in paragraph at lines 8--8
\OT1/cmr/m/n/10 which
 []


Overfull \hbox (6.72223pt too wide) in paragraph at lines 8--8
\OT1/cmr/m/n/10 is
 []


Overfull \hbox (21.94449pt too wide) in paragraph at lines 8--8
\OT1/cmr/m/n/10 quite
 []


Overfull \hbox (11.66669pt too wide) in paragraph at lines 8--8
\OT1/cmr/m/n/10 in-
 []


Overfull \hbox (15.30559pt too wide) in paragraph at lines 8--8
\OT1/cmr/m/n/10 for-
 []


Overfull \hbox (16.11116pt too wide) in paragraph at lines 8--8
\OT1/cmr/m/n/10 mal| 
 []


Overfull \hbox (20.0pt too wide) in paragraph at lines 7--9
[]
 []


Overfull \hbox (4.48613pt too wide) in paragraph at lines 7--9
[] 
 []


! LaTeX Error: Missing \begin{document}.

See the LaTeX manual or LaTeX Companion for explanation.
Type  H <return>  for immediate help.
 ...                                              
                                                  
l.9 \par T
          hese 13 characters\footnote {In the original Japanese, „Å™„Åú„Éô„Ç...

You're in trouble here.  Try typing  <return>  to proceed.
If that doesn't work, type  X <return>  to quit.

Missing character: There is no T in font nullfont!
Missing character: There is no h in font nullfont!
Missing character: There is no e in font nullfont!
Missing character: There is no s in font nullfont!
Missing character: There is no e in font nullfont!
Missing character: There is no 1 in font nullfont!
Missing character: There is no 3 in font nullfont!
Missing character: There is no c in font nullfont!
Missing character: There is no h in font nullfont!
Missing character: There is no a in font nullfont!
Missing character: There is no r in font nullfont!
Missing character: There is no a in font nullfont!
Missing character: There is no c in font nullfont!
Missing character: There is no t in font nullfont!
Missing character: There is no e in font nullfont!
Missing character: There is no r in font nullfont!
Missing character: There is no s in font nullfont!
! Undefined control sequence.
\@footnotetext ...tins {\reset@font \footnotesize 
                                                  \interlinepenalty \interfo...
l.9 ...ters and this is what Ueda is referring to}
                                                   will change your life.
The control sequence at the end of the top line
of your error message was never \def'ed. If you have
misspelled it (e.g., `\hobx'), type `I' and the correct
spelling (e.g., `I\hbox'). Otherwise just continue,
and I'll forget about whatever was undefined.

! Undefined control sequence.
\@footnotetext ...}\color@begingroup \@makefntext 
                                                  {\rule \z@ \footnotesep \i...
l.9 ...ters and this is what Ueda is referring to}
                                                   will change your life.
The control sequence at the end of the top line
of your error message was never \def'ed. If you have
misspelled it (e.g., `\hobx'), type `I' and the correct
spelling (e.g., `I\hbox'). Otherwise just continue,
and I'll forget about whatever was undefined.

Missing character: There is no „ in font cmr10!
Missing character: There is no Å in font cmr10!
Missing character: There is no ™ in font cmr10!
Missing character: There is no „ in font cmr10!
Missing character: There is no Å in font cmr10!
Missing character: There is no ú in font cmr10!
Missing character: There is no „ in font cmr10!
Missing character: There is no É in font cmr10!
Missing character: There is no ô in font cmr10!
Missing character: There is no „ in font cmr10!
Missing character: There is no Ç in font cmr10!
Missing character: There is no π in font cmr10!
Missing character: There is no „ in font cmr10!
Missing character: There is no É in font cmr10!
Missing character: There is no à in font cmr10!
Missing character: There is no „ in font cmr10!
Missing character: There is no Ç in font cmr10!
Missing character: There is no í in font cmr10!
Missing character: There is no Â in font cmr10!
Missing character: There is no ∞ in font cmr10!
Missing character: There is no Ω in font cmr10!
Missing character: There is no „ in font cmr10!
Missing character: There is no Å in font cmr10!
Missing character: There is no è in font cmr10!
Missing character: There is no „ in font cmr10!
Missing character: There is no Å in font cmr10!
Missing character: There is no ï in font cmr10!
Missing character: There is no „ in font cmr10!
Missing character: There is no Å in font cmr10!
Missing character: There is no ™ in font cmr10!
Missing character: There is no „ in font cmr10!
Missing character: There is no Å in font cmr10!
Missing character: There is no Ñ in font cmr10!
Missing character: There is no „ in font cmr10!
Missing character: There is no Å in font cmr10!
Missing character: There is no Æ in font cmr10!
Missing character: There is no „ in font cmr10!
Missing character: There is no Å in font cmr10!
Missing character: There is no ã in font cmr10!

Overfull \hbox (9.16669pt too wide) in paragraph at lines 9--9
[][]\OT1/cmr/m/n/10 In
 []


Overfull \hbox (13.88892pt too wide) in paragraph at lines 9--9
\OT1/cmr/m/n/10 the
 []


Overfull \hbox (20.02782pt too wide) in paragraph at lines 9--9
\OT1/cmr/m/n/10 orig-
 []


Overfull \hbox (6.11111pt too wide) in paragraph at lines 9--9
\OT1/cmr/m/n/10 i-
 []


Overfull \hbox (13.33337pt too wide) in paragraph at lines 9--9
\OT1/cmr/m/n/10 nal
 []


Overfull \hbox (41.86119pt too wide) in paragraph at lines 9--9
\OT1/cmr/m/n/10 Japanese,
 []


Overfull \hbox (6.72223pt too wide) in paragraph at lines 9--9
\OT1/cmr/m/n/10 is
 []


Overfull \hbox (10.00003pt too wide) in paragraph at lines 9--9
\OT1/cmr/m/n/10 13
 []


Overfull \hbox (21.97224pt too wide) in paragraph at lines 9--9
\OT1/cmr/m/n/10 char-
 []


Overfull \hbox (12.77779pt too wide) in paragraph at lines 9--9
\OT1/cmr/m/n/10 ac-
 []


Overfull \hbox (16.19446pt too wide) in paragraph at lines 9--9
\OT1/cmr/m/n/10 ters
 []


Overfull \hbox (16.11116pt too wide) in paragraph at lines 9--9
\OT1/cmr/m/n/10 and
 []


Overfull \hbox (16.1667pt too wide) in paragraph at lines 9--9
\OT1/cmr/m/n/10 this
 []


Overfull \hbox (6.72223pt too wide) in paragraph at lines 9--9
\OT1/cmr/m/n/10 is
 []


Overfull \hbox (21.66672pt too wide) in paragraph at lines 9--9
\OT1/cmr/m/n/10 what
 []


Overfull \hbox (22.50005pt too wide) in paragraph at lines 9--9
\OT1/cmr/m/n/10 Ueda
 []


Overfull \hbox (6.72223pt too wide) in paragraph at lines 9--9
\OT1/cmr/m/n/10 is
 []


Overfull \hbox (11.69444pt too wide) in paragraph at lines 9--9
\OT1/cmr/m/n/10 re-
 []


Overfull \hbox (14.75002pt too wide) in paragraph at lines 9--9
\OT1/cmr/m/n/10 fer-
 []


Overfull \hbox (17.25005pt too wide) in paragraph at lines 9--9
\OT1/cmr/m/n/10 ring
 []


Overfull \hbox (8.88892pt too wide) in paragraph at lines 9--9
\OT1/cmr/m/n/10 to| 
 []

Missing character: There is no w in font nullfont!
Missing character: There is no i in font nullfont!
Missing character: There is no l in font nullfont!
Missing character: There is no l in font nullfont!
Missing character: There is no c in font nullfont!
Missing character: There is no h in font nullfont!
Missing character: There is no a in font nullfont!
Missing character: There is no n in font nullfont!
Missing character: There is no g in font nullfont!
Missing character: There is no e in font nullfont!
Missing character: There is no y in font nullfont!
Missing character: There is no o in font nullfont!
Missing character: There is no u in font nullfont!
Missing character: There is no r in font nullfont!
Missing character: There is no l in font nullfont!
Missing character: There is no i in font nullfont!
Missing character: There is no f in font nullfont!
Missing character: There is no e in font nullfont!
Missing character: There is no . in font nullfont!

Overfull \hbox (20.0pt too wide) in paragraph at lines 9--10
[]
 []


Overfull \hbox (4.48613pt too wide) in paragraph at lines 9--10
[]
 []


! LaTeX Error: Missing \begin{document}.

See the LaTeX manual or LaTeX Companion for explanation.
Type  H <return>  for immediate help.
 ...                                              
                                                  
l.10 \par I
            find the existence of belief in witchcraft and sourcery to be a ...

You're in trouble here.  Try typing  <return>  to proceed.
If that doesn't work, type  X <return>  to quit.

Missing character: There is no I in font nullfont!
Missing character: There is no f in font nullfont!
Missing character: There is no i in font nullfont!
Missing character: There is no n in font nullfont!
Missing character: There is no d in font nullfont!
Missing character: There is no t in font nullfont!
Missing character: There is no h in font nullfont!
Missing character: There is no e in font nullfont!
Missing character: There is no e in font nullfont!
Missing character: There is no x in font nullfont!
Missing character: There is no i in font nullfont!
Missing character: There is no s in font nullfont!
Missing character: There is no t in font nullfont!
Missing character: There is no e in font nullfont!
Missing character: There is no n in font nullfont!
Missing character: There is no c in font nullfont!
Missing character: There is no e in font nullfont!
Missing character: There is no o in font nullfont!
Missing character: There is no f in font nullfont!
Missing character: There is no b in font nullfont!
Missing character: There is no e in font nullfont!
Missing character: There is no l in font nullfont!
Missing character: There is no i in font nullfont!
Missing character: There is no e in font nullfont!
Missing character: There is no f in font nullfont!
Missing character: There is no i in font nullfont!
Missing character: There is no n in font nullfont!
Missing character: There is no w in font nullfont!
Missing character: There is no i in font nullfont!
Missing character: There is no t in font nullfont!
Missing character: There is no c in font nullfont!
Missing character: There is no h in font nullfont!
Missing character: There is no c in font nullfont!
Missing character: There is no r in font nullfont!
Missing character: There is no a in font nullfont!
Missing character: There is no f in font nullfont!
Missing character: There is no t in font nullfont!
Missing character: There is no a in font nullfont!
Missing character: There is no n in font nullfont!
Missing character: There is no d in font nullfont!
Missing character: There is no s in font nullfont!
Missing character: There is no o in font nullfont!
Missing character: There is no u in font nullfont!
Missing character: There is no r in font nullfont!
Missing character: There is no c in font nullfont!
Missing character: There is no e in font nullfont!
Missing character: There is no r in font nullfont!
Missing character: There is no y in font nullfont!
Missing character: There is no t in font nullfont!
Missing character: There is no o in font nullfont!
Missing character: There is no b in font nullfont!
Missing character: There is no e in font nullfont!
Missing character: There is no a in font nullfont!
Missing character: There is no f in font nullfont!
Missing character: There is no a in font nullfont!
Missing character: There is no l in font nullfont!
Missing character: There is no s in font nullfont!
Missing character: There is no e in font nullfont!
Missing character: There is no f in font nullfont!
Missing character: There is no a in font nullfont!
Missing character: There is no i in font nullfont!
Missing character: There is no t in font nullfont!
Missing character: There is no h in font nullfont!
Missing character: There is no . in font nullfont!
)
Overfull \hbox (20.0pt too wide) in paragraph at lines 10--11
[]
 []

! Undefined control sequence.
l.13 \tableofcontents
                     
The control sequence at the end of the top line
of your error message was never \def'ed. If you have
misspelled it (e.g., `\hobx'), type `I' and the correct
spelling (e.g., `I\hbox'). Otherwise just continue,
and I'll forget about whatever was undefined.

)
! Emergency stop.
<*> Translation.tex
                   
*** (job aborted, no legal \end found)

 
Here is how much of TeX's memory you used:
 11 strings out of 493488
 227 string characters out of 3144748
 50432 words of memory out of 3000000
 3415 multiletter control sequences out of 15000+200000
 3640 words of font info for 14 fonts, out of 3000000 for 9000
 957 hyphenation exceptions out of 8191
 26i,5n,14p,233b,102s stack positions out of 5000i,500n,10000p,200000b,50000s
!  ==> Fatal error occurred, no output PDF file produced!
